<?xml version="1.0" encoding="UTF-8"?>
<!-- Generated by org.testng.reporters.JUnitXMLReporter -->
<testsuite hostname="DESKTOP-MM71A1S" failures="1" tests="1" name="ChangepasswordTest" time="2.351" errors="0" timestamp="9 Sep 2023 18:17:11 GMT">
  <testcase classname="PrimusBank.TestCases.ChangepasswordTest" name="" time="0.084">
    <failure type="java.lang.AssertionError" message="expected [false] but found [true]">
      <![CDATA[java.lang.AssertionError: expected [false] but found [true]
	at PrimusBank.TestCases.ChangepasswordTest.checkChangePwd(ChangepasswordTest.java:17)
... Removed 28 stack frames]]>
    </failure>
  </testcase> <!--  -->
</testsuite> <!-- ChangepasswordTest -->
